<?xml version="1.0" encoding="UTF-8"?>
<!-- Generated by org.testng.reporters.JUnitXMLReporter -->
<testsuite ignored="0" hostname="GopiB" failures="0" tests="3" name="Default test" time="3.732" errors="0" timestamp="2024-05-03T14:33:35 IST">
  <testcase classname="testPackage.tagLevel" name="a_thirdTest" time="2.393"/>
  <testcase classname="testPackage.tagLevel" name="m_secondTest" time="0.635"/>
  <testcase classname="testPackage.tagLevel" name="z_firstTest" time="0.55"/>
</testsuite> <!-- Default test -->
