<?xml version="1.0" encoding="UTF-8"?>
<testng-results ignored="0" total="1" passed="1" failed="0" skipped="0">
  <reporter-output>
  </reporter-output>
  <suite started-at="2024-04-29T17:21:45 IST" name="Default suite" finished-at="2024-04-29T17:21:54 IST" duration-ms="8361">
    <groups>
    </groups>
    <test started-at="2024-04-29T17:21:45 IST" name="Default test" finished-at="2024-04-29T17:21:54 IST" duration-ms="8361">
      <class name="testPackage.MavenTest1">
        <test-method signature="test1()[pri:0, instance:testPackage.MavenTest1@1e6a3214]" started-at="2024-04-29T17:21:45 IST" name="test1" finished-at="2024-04-29T17:21:54 IST" duration-ms="8196" status="PASS">
          <reporter-output>
          </reporter-output>
        </test-method> <!-- test1 -->
      </class> <!-- testPackage.MavenTest1 -->
    </test> <!-- Default test -->
  </suite> <!-- Default suite -->
</testng-results>
