<?xml version="1.0" encoding="UTF-8"?>
<testng-results ignored="0" total="3" passed="3" failed="0" skipped="0">
  <reporter-output>
  </reporter-output>
  <suite started-at="2024-05-03T14:33:31 IST" name="Default suite" finished-at="2024-05-03T14:33:35 IST" duration-ms="3732">
    <groups>
    </groups>
    <test started-at="2024-05-03T14:33:31 IST" name="Default test" finished-at="2024-05-03T14:33:35 IST" duration-ms="3732">
      <class name="testPackage.tagLevel">
        <test-method signature="a_thirdTest()[pri:0, instance:testPackage.tagLevel@60bdf15d]" started-at="2024-05-03T14:33:31 IST" name="a_thirdTest" finished-at="2024-05-03T14:33:34 IST" duration-ms="2393" status="PASS">
          <reporter-output>
          </reporter-output>
        </test-method> <!-- a_thirdTest -->
        <test-method signature="m_secondTest()[pri:0, instance:testPackage.tagLevel@60bdf15d]" started-at="2024-05-03T14:33:34 IST" name="m_secondTest" finished-at="2024-05-03T14:33:34 IST" duration-ms="635" status="PASS">
          <reporter-output>
          </reporter-output>
        </test-method> <!-- m_secondTest -->
        <test-method signature="z_firstTest()[pri:0, instance:testPackage.tagLevel@60bdf15d]" started-at="2024-05-03T14:33:34 IST" name="z_firstTest" finished-at="2024-05-03T14:33:35 IST" duration-ms="550" status="PASS">
          <reporter-output>
          </reporter-output>
        </test-method> <!-- z_firstTest -->
      </class> <!-- testPackage.tagLevel -->
    </test> <!-- Default test -->
  </suite> <!-- Default suite -->
</testng-results>
